::1 - - [26/Jan/2016:20:50:50 +0100] "GET /phpmyadmin HTTP/1.1" 301 241
::1 - - [26/Jan/2016:20:50:51 +0100] "GET /phpmyadmin/ HTTP/1.1" 200 7992
::1 - - [26/Jan/2016:20:50:51 +0100] "GET /phpmyadmin/themes/pmahomme/jquery/jquery-ui-1.9.2.custom.css HTTP/1.1" 200 32278
::1 - - [26/Jan/2016:20:50:51 +0100] "GET /phpmyadmin/js/get_scripts.js.php?scripts[]=jquery/jquery-1.8.3.js&scripts[]=ajax.js&scripts[]=keyhandler.js&scripts[]=jquery/jquery-ui-1.9.2.custom.js&scripts[]=jquery/jquery.sprintf.js&scripts[]=jquery/jquery.cookie.js&scripts[]=jquery/jquery.mousewheel.js&scripts[]=jquery/jquery.event.drag-2.2.js&scripts[]=jquery/jquery-ui-timepicker-addon.js&scripts[]=jquery/jquery.ba-hashchange-1.3.js&scripts[]=jquery/jquery.debounce-1.0.5.js&scripts[]=jquery/jquery.menuResizer-1.0.js&scripts[]=rte.js&scripts[]=functions.js&scripts[]=navigation.js&scripts[]=indexes.js&scripts[]=common.js&scripts[]=codemirror/lib/codemirror.js&scripts[]=codemirror/mode/mysql/mysql.js HTTP/1.1" 200 578562
::1 - - [26/Jan/2016:20:50:51 +0100] "GET /phpmyadmin/favicon.ico HTTP/1.1" 200 18902
::1 - - [26/Jan/2016:20:50:51 +0100] "GET /phpmyadmin/js/get_image.js.php?theme=pmahomme HTTP/1.1" 200 6263
::1 - - [26/Jan/2016:20:50:51 +0100] "GET /phpmyadmin/phpmyadmin.css.php?server=1&token=0ba8fa1bd9af56f893c01aa13720f322&nocache=4357661570ltr HTTP/1.1" 200 88608
::1 - - [26/Jan/2016:20:50:51 +0100] "GET /phpmyadmin/js/messages.php?lang=nl&db=&server=0&token=10cdb6e777bd2fa33a98307599cf90e3 HTTP/1.1" 200 18194
::1 - - [26/Jan/2016:20:50:51 +0100] "GET /phpmyadmin/themes/pmahomme/img/logo_right.png HTTP/1.1" 200 4548
::1 - - [26/Jan/2016:20:50:51 +0100] "GET /phpmyadmin/themes/dot.gif HTTP/1.1" 200 43
::1 - - [26/Jan/2016:20:50:51 +0100] "GET /phpmyadmin/themes/pmahomme/img/sprites.png HTTP/1.1" 200 61899
::1 - - [26/Jan/2016:20:50:53 +0100] "POST /phpmyadmin/index.php HTTP/1.1" 302 -
::1 - - [26/Jan/2016:20:50:53 +0100] "GET /phpmyadmin/index.php?token=0ba8fa1bd9af56f893c01aa13720f322 HTTP/1.1" 200 45311
::1 - - [26/Jan/2016:20:50:53 +0100] "GET /phpmyadmin/js/messages.php?lang=nl&db=&server=0&token=0ba8fa1bd9af56f893c01aa13720f322 HTTP/1.1" 200 18194
::1 - - [26/Jan/2016:20:50:53 +0100] "GET /phpmyadmin/phpmyadmin.css.php?server=1&token=0ba8fa1bd9af56f893c01aa13720f322&nocache=5811499423ltr HTTP/1.1" 200 88608
::1 - - [26/Jan/2016:20:50:54 +0100] "GET /phpmyadmin/themes/pmahomme/img/logo_left.png HTTP/1.1" 200 2327
::1 - - [26/Jan/2016:20:50:54 +0100] "GET /phpmyadmin/themes/pmahomme/img/ajax_clock_small.gif HTTP/1.1" 200 1810
::1 - - [26/Jan/2016:20:50:55 +0100] "GET /phpmyadmin/themes/pmahomme/img/left_nav_bg.png HTTP/1.1" 200 297
::1 - - [26/Jan/2016:20:50:55 +0100] "GET /phpmyadmin/version_check.php?&_nocache=1453837854287313536 HTTP/1.1" 200 41
::1 - - [26/Jan/2016:20:50:56 +0100] "GET /phpmyadmin/db_structure.php?server=1&db=db_kinepolis&token=0ba8fa1bd9af56f893c01aa13720f322&ajax_request=true&ajax_page_request=true&menuHashes=fc3038bc&_nocache=1453837856206582860 HTTP/1.1" 200 30190
::1 - - [26/Jan/2016:20:50:56 +0100] "GET /phpmyadmin/themes/pmahomme/img/arrow_ltr.png HTTP/1.1" 200 139
::1 - - [26/Jan/2016:20:50:56 +0100] "GET /phpmyadmin/js/get_scripts.js.php?scripts[]=db_structure.js&scripts[]=tbl_change.js HTTP/1.1" 200 12382
::1 - - [26/Jan/2016:20:51:01 +0100] "GET /phpmyadmin/sql.php?db=db_kinepolis&token=0ba8fa1bd9af56f893c01aa13720f322&goto=db_structure.php&table=tbl_film&pos=0&ajax_request=true&ajax_page_request=true&menuHashes=fc3038bc-0479c79d&_nocache=1453837861778445112 HTTP/1.1" 200 41138
::1 - - [26/Jan/2016:20:51:02 +0100] "GET /phpmyadmin/themes/pmahomme/img/s_fulltext.png HTTP/1.1" 200 193
::1 - - [26/Jan/2016:20:51:02 +0100] "GET /phpmyadmin/js/get_scripts.js.php?scripts[]=tbl_structure.js&scripts[]=gis_data_editor.js&scripts[]=makegrid.js&scripts[]=sql.js HTTP/1.1" 200 50287
::1 - - [26/Jan/2016:20:51:02 +0100] "GET /phpmyadmin/themes/pmahomme/img/col_pointer.png HTTP/1.1" 200 113
::1 - - [26/Jan/2016:20:51:02 +0100] "GET /phpmyadmin/themes/pmahomme/img/col_drop.png HTTP/1.1" 200 132
::1 - - [26/Jan/2016:20:51:02 +0100] "GET /phpmyadmin/index.php?ajax_request=1&recent_table=1&token=0ba8fa1bd9af56f893c01aa13720f322 HTTP/1.1" 200 227
::1 - - [26/Jan/2016:20:51:19 +0100] "POST /phpmyadmin/tbl_replace.php HTTP/1.1" 200 3376
::1 - - [26/Jan/2016:20:51:38 +0100] "POST /phpmyadmin/tbl_replace.php HTTP/1.1" 200 3376
::1 - - [26/Jan/2016:20:51:42 +0100] "POST /phpmyadmin/tbl_replace.php HTTP/1.1" 200 3376
::1 - - [26/Jan/2016:20:51:45 +0100] "POST /phpmyadmin/tbl_replace.php HTTP/1.1" 200 3376
::1 - - [26/Jan/2016:20:51:48 +0100] "POST /phpmyadmin/tbl_replace.php HTTP/1.1" 200 3376
::1 - - [26/Jan/2016:20:51:50 +0100] "POST /phpmyadmin/tbl_replace.php HTTP/1.1" 200 3376
::1 - - [26/Jan/2016:20:51:53 +0100] "POST /phpmyadmin/tbl_replace.php HTTP/1.1" 200 3376
