2015-12-16 13:43:39 11092 [Note] Plugin 'FEDERATED' is disabled.
2015-12-16 13:43:39 11092 [Note] InnoDB: The InnoDB memory heap is disabled
2015-12-16 13:43:39 11092 [Note] InnoDB: Mutexes and rw_locks use Windows interlocked functions
2015-12-16 13:43:39 11092 [Note] InnoDB: Compressed tables use zlib 1.2.3
2015-12-16 13:43:39 11092 [Note] InnoDB: Not using CPU crc32 instructions
2015-12-16 13:43:39 11092 [Note] InnoDB: Initializing buffer pool, size = 128.0M
2015-12-16 13:43:39 11092 [Note] InnoDB: Completed initialization of buffer pool
2015-12-16 13:43:39 11092 [Note] InnoDB: Highest supported file format is Barracuda.
2015-12-16 13:43:39 11092 [Note] InnoDB: The log sequence numbers 1626134 and 1626134 in ibdata files do not match the log sequence number 1661735 in the ib_logfiles!
2015-12-16 13:43:39 11092 [Note] InnoDB: Database was not shutdown normally!
2015-12-16 13:43:39 11092 [Note] InnoDB: Starting crash recovery.
2015-12-16 13:43:39 11092 [Note] InnoDB: Reading tablespace information from the .ibd files...
2015-12-16 13:43:39 11092 [Note] InnoDB: Restoring possible half-written data pages 
2015-12-16 13:43:39 11092 [Note] InnoDB: from the doublewrite buffer...
2015-12-16 13:43:40 11092 [Note] InnoDB: 128 rollback segment(s) are active.
2015-12-16 13:43:40 11092 [Note] InnoDB: Waiting for purge to start
2015-12-16 13:43:40 11092 [Note] InnoDB: 5.6.13 started; log sequence number 1661735
2015-12-16 13:43:40 11092 [Note] Server hostname (bind-address): '*'; port: 3307
2015-12-16 13:43:40 11092 [Note] IPv6 is available.
2015-12-16 13:43:40 11092 [Note]   - '::' resolves to '::';
2015-12-16 13:43:40 11092 [Note] Server socket created on IP: '::'.
2015-12-16 14:23:15 13252 [Note] Plugin 'FEDERATED' is disabled.
2015-12-16 14:23:15 13252 [Note] InnoDB: The InnoDB memory heap is disabled
2015-12-16 14:23:15 13252 [Note] InnoDB: Mutexes and rw_locks use Windows interlocked functions
2015-12-16 14:23:15 13252 [Note] InnoDB: Compressed tables use zlib 1.2.3
2015-12-16 14:23:15 13252 [Note] InnoDB: Not using CPU crc32 instructions
2015-12-16 14:23:15 13252 [Note] InnoDB: Initializing buffer pool, size = 128.0M
2015-12-16 14:23:15 13252 [Note] InnoDB: Completed initialization of buffer pool
2015-12-16 14:23:15 13252 [Note] InnoDB: Highest supported file format is Barracuda.
2015-12-16 14:23:15 13252 [Note] InnoDB: The log sequence numbers 1626134 and 1626134 in ibdata files do not match the log sequence number 1661878 in the ib_logfiles!
2015-12-16 14:23:15 13252 [Note] InnoDB: Database was not shutdown normally!
2015-12-16 14:23:15 13252 [Note] InnoDB: Starting crash recovery.
2015-12-16 14:23:15 13252 [Note] InnoDB: Reading tablespace information from the .ibd files...
2015-12-16 14:23:16 13252 [Note] InnoDB: Restoring possible half-written data pages 
2015-12-16 14:23:16 13252 [Note] InnoDB: from the doublewrite buffer...
2015-12-16 14:23:16 13252 [Note] InnoDB: 128 rollback segment(s) are active.
2015-12-16 14:23:16 13252 [Note] InnoDB: Waiting for purge to start
2015-12-16 14:23:16 13252 [Note] InnoDB: 5.6.13 started; log sequence number 1661878
2015-12-16 14:23:16 13252 [Note] Server hostname (bind-address): '*'; port: 3307
2015-12-16 14:23:16 13252 [Note] IPv6 is available.
2015-12-16 14:23:16 13252 [Note]   - '::' resolves to '::';
2015-12-16 14:23:16 13252 [Note] Server socket created on IP: '::'.
2015-12-17 16:11:03 30584 [Note] Plugin 'FEDERATED' is disabled.
2015-12-17 16:11:03 30584 [Note] InnoDB: The InnoDB memory heap is disabled
2015-12-17 16:11:03 30584 [Note] InnoDB: Mutexes and rw_locks use Windows interlocked functions
2015-12-17 16:11:03 30584 [Note] InnoDB: Compressed tables use zlib 1.2.3
2015-12-17 16:11:03 30584 [Note] InnoDB: Not using CPU crc32 instructions
2015-12-17 16:11:03 30584 [Note] InnoDB: Initializing buffer pool, size = 128.0M
2015-12-17 16:11:03 30584 [Note] InnoDB: Completed initialization of buffer pool
2015-12-17 16:11:03 30584 [Note] InnoDB: Highest supported file format is Barracuda.
2015-12-17 16:11:03 30584 [Note] InnoDB: The log sequence numbers 1626134 and 1626134 in ibdata files do not match the log sequence number 1669063 in the ib_logfiles!
2015-12-17 16:11:03 30584 [Note] InnoDB: Database was not shutdown normally!
2015-12-17 16:11:03 30584 [Note] InnoDB: Starting crash recovery.
2015-12-17 16:11:03 30584 [Note] InnoDB: Reading tablespace information from the .ibd files...
2015-12-17 16:11:03 30584 [Note] InnoDB: Restoring possible half-written data pages 
2015-12-17 16:11:03 30584 [Note] InnoDB: from the doublewrite buffer...
2015-12-17 16:11:04 30584 [Note] InnoDB: 128 rollback segment(s) are active.
2015-12-17 16:11:04 30584 [Note] InnoDB: Waiting for purge to start
2015-12-17 16:11:04 30584 [Note] InnoDB: 5.6.13 started; log sequence number 1669063
2015-12-17 16:11:04 30584 [Note] Server hostname (bind-address): '*'; port: 3307
2015-12-17 16:11:04 30584 [Note] IPv6 is available.
2015-12-17 16:11:04 30584 [Note]   - '::' resolves to '::';
2015-12-17 16:11:04 30584 [Note] Server socket created on IP: '::'.
2015-12-17 16:11:05 30584 [Note] Event Scheduler: Loaded 0 events
2015-12-17 16:11:05 30584 [Note] F:\CVO-Antwerpen-2de jaar\Programmeren 4\USBWebserver/mysql/bin/mysqld_usbwv8.exe: ready for connections.
Version: '5.6.13'  socket: ''  port: 3307  MySQL Community Server (GPL)
2016-01-04 19:57:35 11760 [Note] Plugin 'FEDERATED' is disabled.
2016-01-04 19:57:35 11760 [Note] InnoDB: The InnoDB memory heap is disabled
2016-01-04 19:57:35 11760 [Note] InnoDB: Mutexes and rw_locks use Windows interlocked functions
2016-01-04 19:57:35 11760 [Note] InnoDB: Compressed tables use zlib 1.2.3
2016-01-04 19:57:35 11760 [Note] InnoDB: Not using CPU crc32 instructions
2016-01-04 19:57:35 11760 [Note] InnoDB: Initializing buffer pool, size = 128.0M
2016-01-04 19:57:35 11760 [Note] InnoDB: Completed initialization of buffer pool
2016-01-04 19:57:35 11760 [Note] InnoDB: Highest supported file format is Barracuda.
2016-01-04 19:57:35 11760 [Note] InnoDB: The log sequence numbers 1626134 and 1626134 in ibdata files do not match the log sequence number 2499542 in the ib_logfiles!
2016-01-04 19:57:35 11760 [Note] InnoDB: Database was not shutdown normally!
2016-01-04 19:57:35 11760 [Note] InnoDB: Starting crash recovery.
2016-01-04 19:57:35 11760 [Note] InnoDB: Reading tablespace information from the .ibd files...
2016-01-04 19:57:35 11760 [Note] InnoDB: Restoring possible half-written data pages 
2016-01-04 19:57:35 11760 [Note] InnoDB: from the doublewrite buffer...
2016-01-04 19:57:37 11760 [ERROR] InnoDB: Table kinepolisdb/tbl_films in the InnoDB data dictionary has tablespace id 30, but tablespace with that id or name does not exist. Have you deleted or moved .ibd files? This may also be a table created with CREATE TEMPORARY TABLE whose .ibd and .frm files MySQL automatically removed, but the table still exists in the InnoDB internal data dictionary.
InnoDB: Please refer to
InnoDB: http://dev.mysql.com/doc/refman/5.6/en/innodb-troubleshooting-datadict.html
InnoDB: for how to resolve the issue.
2016-01-04 19:57:37 11760 [ERROR] InnoDB: Table kinepolisdb/tbl_klanten in the InnoDB data dictionary has tablespace id 34, but tablespace with that id or name does not exist. Have you deleted or moved .ibd files? This may also be a table created with CREATE TEMPORARY TABLE whose .ibd and .frm files MySQL automatically removed, but the table still exists in the InnoDB internal data dictionary.
InnoDB: Please refer to
InnoDB: http://dev.mysql.com/doc/refman/5.6/en/innodb-troubleshooting-datadict.html
InnoDB: for how to resolve the issue.
2016-01-04 19:57:37 11760 [Note] InnoDB: 128 rollback segment(s) are active.
2016-01-04 19:57:37 11760 [Note] InnoDB: Waiting for purge to start
2016-01-04 19:57:37 11760 [Note] InnoDB: 5.6.13 started; log sequence number 2499542
2016-01-04 19:57:37 11760 [Note] Server hostname (bind-address): '*'; port: 3307
2016-01-04 19:57:37 11760 [Note] IPv6 is available.
2016-01-04 19:57:37 11760 [Note]   - '::' resolves to '::';
2016-01-04 19:57:37 11760 [Note] Server socket created on IP: '::'.
2016-01-04 19:57:37 11760 [ERROR] InnoDB: Failed to find tablespace for table '"kinepolisdb"."tbl_klanten"' in the cache. Attempting to load the tablespace with space id 34.
2016-01-04 19:57:37 8450  InnoDB: Operating system error number 2 in a file operation.
InnoDB: Some operating system error numbers are described at
InnoDB: http://dev.mysql.com/doc/refman/5.6/en/operating-system-error-codes.html
2016-01-04 19:57:37 11760 [ERROR] InnoDB: Could not find a valid tablespace file for 'kinepolisdb/tbl_klanten'. See http://dev.mysql.com/doc/refman/5.6/en/innodb-troubleshooting-datadict.html for how to resolve the issue.
2016-01-06 13:35:41 33344 [Note] Plugin 'FEDERATED' is disabled.
2016-01-06 13:35:41 33344 [Note] InnoDB: The InnoDB memory heap is disabled
2016-01-06 13:35:41 33344 [Note] InnoDB: Mutexes and rw_locks use Windows interlocked functions
2016-01-06 13:35:41 33344 [Note] InnoDB: Compressed tables use zlib 1.2.3
2016-01-06 13:35:41 33344 [Note] InnoDB: Not using CPU crc32 instructions
2016-01-06 13:35:41 33344 [Note] InnoDB: Initializing buffer pool, size = 128.0M
2016-01-06 13:35:41 33344 [Note] InnoDB: Completed initialization of buffer pool
2016-01-06 13:35:43 33344 [Note] InnoDB: Highest supported file format is Barracuda.
2016-01-06 13:35:43 33344 [Note] InnoDB: The log sequence numbers 1626134 and 1626134 in ibdata files do not match the log sequence number 2525756 in the ib_logfiles!
2016-01-06 13:35:43 33344 [Note] InnoDB: Database was not shutdown normally!
2016-01-06 13:35:43 33344 [Note] InnoDB: Starting crash recovery.
2016-01-06 13:35:43 33344 [Note] InnoDB: Reading tablespace information from the .ibd files...
2016-01-06 13:35:43 33344 [Note] InnoDB: Restoring possible half-written data pages 
2016-01-06 13:35:43 33344 [Note] InnoDB: from the doublewrite buffer...
2016-01-06 13:35:46 33344 [ERROR] InnoDB: Table kinepolisdb/tbl_films in the InnoDB data dictionary has tablespace id 30, but tablespace with that id or name does not exist. Have you deleted or moved .ibd files? This may also be a table created with CREATE TEMPORARY TABLE whose .ibd and .frm files MySQL automatically removed, but the table still exists in the InnoDB internal data dictionary.
InnoDB: Please refer to
InnoDB: http://dev.mysql.com/doc/refman/5.6/en/innodb-troubleshooting-datadict.html
InnoDB: for how to resolve the issue.
2016-01-06 13:35:46 33344 [ERROR] InnoDB: Table kinepolisdb/tbl_klanten in the InnoDB data dictionary has tablespace id 34, but tablespace with that id or name does not exist. Have you deleted or moved .ibd files? This may also be a table created with CREATE TEMPORARY TABLE whose .ibd and .frm files MySQL automatically removed, but the table still exists in the InnoDB internal data dictionary.
InnoDB: Please refer to
InnoDB: http://dev.mysql.com/doc/refman/5.6/en/innodb-troubleshooting-datadict.html
InnoDB: for how to resolve the issue.
2016-01-06 13:35:46 33344 [Note] InnoDB: 128 rollback segment(s) are active.
2016-01-06 13:35:46 33344 [Note] InnoDB: Waiting for purge to start
2016-01-06 13:35:46 33344 [ERROR] InnoDB: Failed to find tablespace for table '"kinepolisdb"."tbl_klanten"' in the cache. Attempting to load the tablespace with space id 34.
2016-01-06 13:35:46 83ec  InnoDB: Operating system error number 3 in a file operation.
InnoDB: The error means the system cannot find the path specified.
2016-01-06 13:35:46 33344 [ERROR] InnoDB: Could not find a valid tablespace file for 'kinepolisdb/tbl_klanten'. See http://dev.mysql.com/doc/refman/5.6/en/innodb-troubleshooting-datadict.html for how to resolve the issue.
2016-01-06 13:35:46 33344 [Note] InnoDB: 5.6.13 started; log sequence number 2525756
2016-01-06 13:35:46 33344 [Note] Server hostname (bind-address): '*'; port: 3307
2016-01-06 13:35:46 33344 [Note] IPv6 is available.
2016-01-06 13:35:46 33344 [Note]   - '::' resolves to '::';
2016-01-06 13:35:46 33344 [Note] Server socket created on IP: '::'.
2016-01-06 14:04:23 32360 [Note] Plugin 'FEDERATED' is disabled.
2016-01-06 14:04:23 32360 [Note] InnoDB: The InnoDB memory heap is disabled
2016-01-06 14:04:23 32360 [Note] InnoDB: Mutexes and rw_locks use Windows interlocked functions
2016-01-06 14:04:23 32360 [Note] InnoDB: Compressed tables use zlib 1.2.3
2016-01-06 14:04:23 32360 [Note] InnoDB: Not using CPU crc32 instructions
2016-01-06 14:04:23 32360 [Note] InnoDB: Initializing buffer pool, size = 128.0M
2016-01-06 14:04:23 32360 [Note] InnoDB: Completed initialization of buffer pool
2016-01-06 14:04:23 32360 [Note] InnoDB: Highest supported file format is Barracuda.
2016-01-06 14:04:23 32360 [Note] InnoDB: The log sequence numbers 1626134 and 1626134 in ibdata files do not match the log sequence number 2530283 in the ib_logfiles!
2016-01-06 14:04:23 32360 [Note] InnoDB: Database was not shutdown normally!
2016-01-06 14:04:23 32360 [Note] InnoDB: Starting crash recovery.
2016-01-06 14:04:23 32360 [Note] InnoDB: Reading tablespace information from the .ibd files...
2016-01-06 14:04:24 32360 [Note] InnoDB: Restoring possible half-written data pages 
2016-01-06 14:04:24 32360 [Note] InnoDB: from the doublewrite buffer...
2016-01-06 14:04:26 32360 [ERROR] InnoDB: Table kinepolisdb/tbl_films in the InnoDB data dictionary has tablespace id 30, but tablespace with that id or name does not exist. Have you deleted or moved .ibd files? This may also be a table created with CREATE TEMPORARY TABLE whose .ibd and .frm files MySQL automatically removed, but the table still exists in the InnoDB internal data dictionary.
InnoDB: Please refer to
InnoDB: http://dev.mysql.com/doc/refman/5.6/en/innodb-troubleshooting-datadict.html
InnoDB: for how to resolve the issue.
2016-01-06 14:04:26 32360 [ERROR] InnoDB: Table kinepolisdb/tbl_klanten in the InnoDB data dictionary has tablespace id 34, but tablespace with that id or name does not exist. Have you deleted or moved .ibd files? This may also be a table created with CREATE TEMPORARY TABLE whose .ibd and .frm files MySQL automatically removed, but the table still exists in the InnoDB internal data dictionary.
InnoDB: Please refer to
InnoDB: http://dev.mysql.com/doc/refman/5.6/en/innodb-troubleshooting-datadict.html
InnoDB: for how to resolve the issue.
2016-01-06 14:04:26 32360 [Note] InnoDB: 128 rollback segment(s) are active.
2016-01-06 14:04:26 32360 [Note] InnoDB: Waiting for purge to start
2016-01-06 14:04:26 32360 [ERROR] InnoDB: Failed to find tablespace for table '"kinepolisdb"."tbl_klanten"' in the cache. Attempting to load the tablespace with space id 34.
2016-01-06 14:04:26 82a4  InnoDB: Operating system error number 3 in a file operation.
InnoDB: The error means the system cannot find the path specified.
2016-01-06 14:04:26 32360 [ERROR] InnoDB: Could not find a valid tablespace file for 'kinepolisdb/tbl_klanten'. See http://dev.mysql.com/doc/refman/5.6/en/innodb-troubleshooting-datadict.html for how to resolve the issue.
2016-01-06 14:04:26 32360 [Note] InnoDB: 5.6.13 started; log sequence number 2530283
2016-01-06 14:04:26 32360 [Note] Server hostname (bind-address): '*'; port: 3307
2016-01-06 14:04:26 32360 [Note] IPv6 is available.
2016-01-06 14:04:26 32360 [Note]   - '::' resolves to '::';
2016-01-06 14:04:26 32360 [Note] Server socket created on IP: '::'.
2016-01-11 13:35:42 35052 [Note] Plugin 'FEDERATED' is disabled.
2016-01-11 13:35:42 35052 [Note] InnoDB: The InnoDB memory heap is disabled
2016-01-11 13:35:42 35052 [Note] InnoDB: Mutexes and rw_locks use Windows interlocked functions
2016-01-11 13:35:42 35052 [Note] InnoDB: Compressed tables use zlib 1.2.3
2016-01-11 13:35:42 35052 [Note] InnoDB: Not using CPU crc32 instructions
2016-01-11 13:35:42 35052 [Note] InnoDB: Initializing buffer pool, size = 128.0M
2016-01-11 13:35:42 35052 [Note] InnoDB: Completed initialization of buffer pool
2016-01-11 13:35:42 35052 [Note] InnoDB: Highest supported file format is Barracuda.
2016-01-11 13:35:42 35052 [Note] InnoDB: The log sequence numbers 1626134 and 1626134 in ibdata files do not match the log sequence number 3151101 in the ib_logfiles!
2016-01-11 13:35:42 35052 [Note] InnoDB: Database was not shutdown normally!
2016-01-11 13:35:42 35052 [Note] InnoDB: Starting crash recovery.
2016-01-11 13:35:42 35052 [Note] InnoDB: Reading tablespace information from the .ibd files...
2016-01-11 13:35:42 35052 [Note] InnoDB: Restoring possible half-written data pages 
2016-01-11 13:35:42 35052 [Note] InnoDB: from the doublewrite buffer...
2016-01-11 13:35:45 35052 [ERROR] InnoDB: Table kinepolisdb/tbl_films in the InnoDB data dictionary has tablespace id 30, but tablespace with that id or name does not exist. Have you deleted or moved .ibd files? This may also be a table created with CREATE TEMPORARY TABLE whose .ibd and .frm files MySQL automatically removed, but the table still exists in the InnoDB internal data dictionary.
InnoDB: Please refer to
InnoDB: http://dev.mysql.com/doc/refman/5.6/en/innodb-troubleshooting-datadict.html
InnoDB: for how to resolve the issue.
2016-01-11 13:35:45 35052 [ERROR] InnoDB: Table kinepolisdb/tbl_klanten in the InnoDB data dictionary has tablespace id 34, but tablespace with that id or name does not exist. Have you deleted or moved .ibd files? This may also be a table created with CREATE TEMPORARY TABLE whose .ibd and .frm files MySQL automatically removed, but the table still exists in the InnoDB internal data dictionary.
InnoDB: Please refer to
InnoDB: http://dev.mysql.com/doc/refman/5.6/en/innodb-troubleshooting-datadict.html
InnoDB: for how to resolve the issue.
2016-01-11 13:35:45 35052 [Note] InnoDB: 128 rollback segment(s) are active.
2016-01-11 13:35:45 35052 [Note] InnoDB: Waiting for purge to start
2016-01-11 13:35:45 35052 [Note] InnoDB: 5.6.13 started; log sequence number 3151101
2016-01-11 13:35:45 35052 [Note] Server hostname (bind-address): '*'; port: 3307
2016-01-11 13:35:45 35052 [Note] IPv6 is available.
2016-01-11 13:35:45 35052 [Note]   - '::' resolves to '::';
2016-01-11 13:35:45 35052 [Note] Server socket created on IP: '::'.
2016-01-11 15:01:59 35260 [Note] Plugin 'FEDERATED' is disabled.
2016-01-11 15:01:59 35260 [Note] InnoDB: The InnoDB memory heap is disabled
2016-01-11 15:01:59 35260 [Note] InnoDB: Mutexes and rw_locks use Windows interlocked functions
2016-01-11 15:01:59 35260 [Note] InnoDB: Compressed tables use zlib 1.2.3
2016-01-11 15:01:59 35260 [Note] InnoDB: Not using CPU crc32 instructions
2016-01-11 15:01:59 35260 [Note] InnoDB: Initializing buffer pool, size = 128.0M
2016-01-11 15:01:59 35260 [Note] InnoDB: Completed initialization of buffer pool
2016-01-11 15:01:59 35260 [ERROR] InnoDB: C:\Java\USB WebServer\mysql\data\ibdata1 can't be opened in read-write mode
2016-01-11 15:01:59 35260 [ERROR] InnoDB: The system tablespace must be writable!
2016-01-11 15:01:59 35260 [ERROR] Plugin 'InnoDB' init function returned error.
2016-01-11 15:01:59 35260 [ERROR] Plugin 'InnoDB' registration as a STORAGE ENGINE failed.
2016-01-11 15:01:59 35260 [ERROR] Unknown/unsupported storage engine: InnoDB
2016-01-11 15:01:59 35260 [ERROR] Aborting

2016-01-11 15:01:59 35260 [Note] Binlog end
2016-01-11 15:01:59 35260 [Note] Shutting down plugin 'partition'
2016-01-11 15:01:59 35260 [Note] Shutting down plugin 'PERFORMANCE_SCHEMA'
2016-01-11 15:01:59 35260 [Note] Shutting down plugin 'INNODB_SYS_DATAFILES'
2016-01-11 15:01:59 35260 [Note] Shutting down plugin 'INNODB_SYS_TABLESPACES'
2016-01-11 15:01:59 35260 [Note] Shutting down plugin 'INNODB_SYS_FOREIGN_COLS'
2016-01-11 15:01:59 35260 [Note] Shutting down plugin 'INNODB_SYS_FOREIGN'
2016-01-11 15:01:59 35260 [Note] Shutting down plugin 'INNODB_SYS_FIELDS'
2016-01-11 15:01:59 35260 [Note] Shutting down plugin 'INNODB_SYS_COLUMNS'
2016-01-11 15:01:59 35260 [Note] Shutting down plugin 'INNODB_SYS_INDEXES'
2016-01-11 15:01:59 35260 [Note] Shutting down plugin 'INNODB_SYS_TABLESTATS'
2016-01-11 15:01:59 35260 [Note] Shutting down plugin 'INNODB_SYS_TABLES'
2016-01-11 15:01:59 35260 [Note] Shutting down plugin 'INNODB_FT_INDEX_TABLE'
2016-01-11 15:01:59 35260 [Note] Shutting down plugin 'INNODB_FT_INDEX_CACHE'
2016-01-11 15:01:59 35260 [Note] Shutting down plugin 'INNODB_FT_CONFIG'
2016-01-11 15:01:59 35260 [Note] Shutting down plugin 'INNODB_FT_BEING_DELETED'
2016-01-11 15:01:59 35260 [Note] Shutting down plugin 'INNODB_FT_DELETED'
2016-01-11 15:01:59 35260 [Note] Shutting down plugin 'INNODB_FT_DEFAULT_STOPWORD'
2016-01-11 15:01:59 35260 [Note] Shutting down plugin 'INNODB_METRICS'
2016-01-11 15:01:59 35260 [Note] Shutting down plugin 'INNODB_BUFFER_POOL_STATS'
2016-01-11 15:01:59 35260 [Note] Shutting down plugin 'INNODB_BUFFER_PAGE_LRU'
2016-01-11 15:01:59 35260 [Note] Shutting down plugin 'INNODB_BUFFER_PAGE'
2016-01-11 15:01:59 35260 [Note] Shutting down plugin 'INNODB_CMP_PER_INDEX_RESET'
2016-01-11 15:01:59 35260 [Note] Shutting down plugin 'INNODB_CMP_PER_INDEX'
2016-01-11 15:01:59 35260 [Note] Shutting down plugin 'INNODB_CMPMEM_RESET'
2016-01-11 15:01:59 35260 [Note] Shutting down plugin 'INNODB_CMPMEM'
2016-01-11 15:01:59 35260 [Note] Shutting down plugin 'INNODB_CMP_RESET'
2016-01-11 15:01:59 35260 [Note] Shutting down plugin 'INNODB_CMP'
2016-01-11 15:01:59 35260 [Note] Shutting down plugin 'INNODB_LOCK_WAITS'
2016-01-11 15:01:59 35260 [Note] Shutting down plugin 'INNODB_LOCKS'
2016-01-11 15:01:59 35260 [Note] Shutting down plugin 'INNODB_TRX'
2016-01-11 15:01:59 35260 [Note] Shutting down plugin 'BLACKHOLE'
2016-01-11 15:01:59 35260 [Note] Shutting down plugin 'ARCHIVE'
2016-01-11 15:01:59 35260 [Note] Shutting down plugin 'MRG_MYISAM'
2016-01-11 15:01:59 35260 [Note] Shutting down plugin 'MyISAM'
2016-01-11 15:01:59 35260 [Note] Shutting down plugin 'MEMORY'
2016-01-11 15:01:59 35260 [Note] Shutting down plugin 'CSV'
2016-01-11 15:01:59 35260 [Note] Shutting down plugin 'sha256_password'
2016-01-11 15:01:59 35260 [Note] Shutting down plugin 'mysql_old_password'
2016-01-11 15:01:59 35260 [Note] Shutting down plugin 'mysql_native_password'
2016-01-11 15:01:59 35260 [Note] Shutting down plugin 'binlog'
2016-01-11 15:01:59 35260 [Note] C:\Java\USB WebServer/mysql/bin/mysqld_usbwv8.exe: Shutdown complete

2016-01-11 15:03:31 2652 [Note] Plugin 'FEDERATED' is disabled.
2016-01-11 15:03:31 2652 [Note] InnoDB: The InnoDB memory heap is disabled
2016-01-11 15:03:31 2652 [Note] InnoDB: Mutexes and rw_locks use Windows interlocked functions
2016-01-11 15:03:31 2652 [Note] InnoDB: Compressed tables use zlib 1.2.3
2016-01-11 15:03:31 2652 [Note] InnoDB: Not using CPU crc32 instructions
2016-01-11 15:03:31 2652 [Note] InnoDB: Initializing buffer pool, size = 128.0M
2016-01-11 15:03:31 2652 [Note] InnoDB: Completed initialization of buffer pool
2016-01-11 15:03:31 2652 [Note] InnoDB: Highest supported file format is Barracuda.
2016-01-11 15:03:31 2652 [Note] InnoDB: The log sequence numbers 1626134 and 1626134 in ibdata files do not match the log sequence number 3179270 in the ib_logfiles!
2016-01-11 15:03:31 2652 [Note] InnoDB: Database was not shutdown normally!
2016-01-11 15:03:31 2652 [Note] InnoDB: Starting crash recovery.
2016-01-11 15:03:31 2652 [Note] InnoDB: Reading tablespace information from the .ibd files...
2016-01-11 15:03:31 2652 [Note] InnoDB: Restoring possible half-written data pages 
2016-01-11 15:03:31 2652 [Note] InnoDB: from the doublewrite buffer...
2016-01-11 15:03:32 2652 [ERROR] InnoDB: Table kinepolisdb/tbl_films in the InnoDB data dictionary has tablespace id 30, but tablespace with that id or name does not exist. Have you deleted or moved .ibd files? This may also be a table created with CREATE TEMPORARY TABLE whose .ibd and .frm files MySQL automatically removed, but the table still exists in the InnoDB internal data dictionary.
InnoDB: Please refer to
InnoDB: http://dev.mysql.com/doc/refman/5.6/en/innodb-troubleshooting-datadict.html
InnoDB: for how to resolve the issue.
2016-01-11 15:03:32 2652 [ERROR] InnoDB: Table kinepolisdb/tbl_klanten in the InnoDB data dictionary has tablespace id 34, but tablespace with that id or name does not exist. Have you deleted or moved .ibd files? This may also be a table created with CREATE TEMPORARY TABLE whose .ibd and .frm files MySQL automatically removed, but the table still exists in the InnoDB internal data dictionary.
InnoDB: Please refer to
InnoDB: http://dev.mysql.com/doc/refman/5.6/en/innodb-troubleshooting-datadict.html
InnoDB: for how to resolve the issue.
2016-01-11 15:03:32 2652 [Note] InnoDB: 128 rollback segment(s) are active.
2016-01-11 15:03:32 2652 [Note] InnoDB: Waiting for purge to start
2016-01-11 15:03:32 2652 [Note] InnoDB: 5.6.13 started; log sequence number 3179270
2016-01-11 15:03:32 2652 [Note] Server hostname (bind-address): '*'; port: 3307
2016-01-11 15:03:32 2652 [Note] IPv6 is available.
2016-01-11 15:03:32 2652 [Note]   - '::' resolves to '::';
2016-01-11 15:03:32 2652 [Note] Server socket created on IP: '::'.
2016-01-20 18:54:01 10824 [Note] Plugin 'FEDERATED' is disabled.
2016-01-20 18:54:01 10824 [Note] InnoDB: The InnoDB memory heap is disabled
2016-01-20 18:54:01 10824 [Note] InnoDB: Mutexes and rw_locks use Windows interlocked functions
2016-01-20 18:54:01 10824 [Note] InnoDB: Compressed tables use zlib 1.2.3
2016-01-20 18:54:01 10824 [Note] InnoDB: Not using CPU crc32 instructions
2016-01-20 18:54:01 10824 [Note] InnoDB: Initializing buffer pool, size = 128.0M
2016-01-20 18:54:01 10824 [Note] InnoDB: Completed initialization of buffer pool
2016-01-20 18:54:01 10824 [Note] InnoDB: Highest supported file format is Barracuda.
2016-01-20 18:54:01 10824 [Note] InnoDB: The log sequence numbers 1626134 and 1626134 in ibdata files do not match the log sequence number 3479022 in the ib_logfiles!
2016-01-20 18:54:01 10824 [Note] InnoDB: Database was not shutdown normally!
2016-01-20 18:54:01 10824 [Note] InnoDB: Starting crash recovery.
2016-01-20 18:54:01 10824 [Note] InnoDB: Reading tablespace information from the .ibd files...
2016-01-20 18:54:02 10824 [Note] InnoDB: Restoring possible half-written data pages 
2016-01-20 18:54:02 10824 [Note] InnoDB: from the doublewrite buffer...
2016-01-20 18:54:05 10824 [ERROR] InnoDB: Table kinepolisdb/tbl_films in the InnoDB data dictionary has tablespace id 30, but tablespace with that id or name does not exist. Have you deleted or moved .ibd files? This may also be a table created with CREATE TEMPORARY TABLE whose .ibd and .frm files MySQL automatically removed, but the table still exists in the InnoDB internal data dictionary.
InnoDB: Please refer to
InnoDB: http://dev.mysql.com/doc/refman/5.6/en/innodb-troubleshooting-datadict.html
InnoDB: for how to resolve the issue.
2016-01-20 18:54:05 10824 [ERROR] InnoDB: Table kinepolisdb/tbl_klanten in the InnoDB data dictionary has tablespace id 34, but tablespace with that id or name does not exist. Have you deleted or moved .ibd files? This may also be a table created with CREATE TEMPORARY TABLE whose .ibd and .frm files MySQL automatically removed, but the table still exists in the InnoDB internal data dictionary.
InnoDB: Please refer to
InnoDB: http://dev.mysql.com/doc/refman/5.6/en/innodb-troubleshooting-datadict.html
InnoDB: for how to resolve the issue.
2016-01-20 18:54:05 10824 [Note] InnoDB: 128 rollback segment(s) are active.
2016-01-20 18:54:05 10824 [Note] InnoDB: Waiting for purge to start
2016-01-20 18:54:06 10824 [Note] InnoDB: 5.6.13 started; log sequence number 3479022
2016-01-20 18:54:06 10824 [Note] Server hostname (bind-address): '*'; port: 3307
2016-01-20 18:54:06 10824 [Note] IPv6 is available.
2016-01-20 18:54:06 10824 [Note]   - '::' resolves to '::';
2016-01-20 18:54:06 10824 [Note] Server socket created on IP: '::'.
2016-01-20 20:06:44 11828 [Note] Plugin 'FEDERATED' is disabled.
2016-01-20 20:06:44 11828 [Note] InnoDB: The InnoDB memory heap is disabled
2016-01-20 20:06:44 11828 [Note] InnoDB: Mutexes and rw_locks use Windows interlocked functions
2016-01-20 20:06:44 11828 [Note] InnoDB: Compressed tables use zlib 1.2.3
2016-01-20 20:06:44 11828 [Note] InnoDB: Not using CPU crc32 instructions
2016-01-20 20:06:44 11828 [Note] InnoDB: Initializing buffer pool, size = 128.0M
2016-01-20 20:06:44 11828 [Note] InnoDB: Completed initialization of buffer pool
2016-01-20 20:06:44 11828 [Note] InnoDB: Highest supported file format is Barracuda.
2016-01-20 20:06:44 11828 [Note] InnoDB: The log sequence numbers 1626134 and 1626134 in ibdata files do not match the log sequence number 3487530 in the ib_logfiles!
2016-01-20 20:06:44 11828 [Note] InnoDB: Database was not shutdown normally!
2016-01-20 20:06:44 11828 [Note] InnoDB: Starting crash recovery.
2016-01-20 20:06:44 11828 [Note] InnoDB: Reading tablespace information from the .ibd files...
2016-01-20 20:06:44 11828 [Note] InnoDB: Restoring possible half-written data pages 
2016-01-20 20:06:44 11828 [Note] InnoDB: from the doublewrite buffer...
2016-01-20 20:06:45 11828 [ERROR] InnoDB: Table kinepolisdb/tbl_films in the InnoDB data dictionary has tablespace id 30, but tablespace with that id or name does not exist. Have you deleted or moved .ibd files? This may also be a table created with CREATE TEMPORARY TABLE whose .ibd and .frm files MySQL automatically removed, but the table still exists in the InnoDB internal data dictionary.
InnoDB: Please refer to
InnoDB: http://dev.mysql.com/doc/refman/5.6/en/innodb-troubleshooting-datadict.html
InnoDB: for how to resolve the issue.
2016-01-20 20:06:45 11828 [ERROR] InnoDB: Table kinepolisdb/tbl_klanten in the InnoDB data dictionary has tablespace id 34, but tablespace with that id or name does not exist. Have you deleted or moved .ibd files? This may also be a table created with CREATE TEMPORARY TABLE whose .ibd and .frm files MySQL automatically removed, but the table still exists in the InnoDB internal data dictionary.
InnoDB: Please refer to
InnoDB: http://dev.mysql.com/doc/refman/5.6/en/innodb-troubleshooting-datadict.html
InnoDB: for how to resolve the issue.
2016-01-20 20:06:45 11828 [Note] InnoDB: 128 rollback segment(s) are active.
2016-01-20 20:06:45 11828 [Note] InnoDB: Waiting for purge to start
2016-01-20 20:06:45 11828 [Note] InnoDB: 5.6.13 started; log sequence number 3487530
2016-01-20 20:06:45 11828 [Note] Server hostname (bind-address): '*'; port: 3307
2016-01-20 20:06:45 11828 [Note] IPv6 is available.
2016-01-20 20:06:45 11828 [Note]   - '::' resolves to '::';
2016-01-20 20:06:45 11828 [Note] Server socket created on IP: '::'.
2016-01-20 21:53:18 6992 [Note] Plugin 'FEDERATED' is disabled.
2016-01-20 21:53:18 6992 [Note] InnoDB: The InnoDB memory heap is disabled
2016-01-20 21:53:18 6992 [Note] InnoDB: Mutexes and rw_locks use Windows interlocked functions
2016-01-20 21:53:18 6992 [Note] InnoDB: Compressed tables use zlib 1.2.3
2016-01-20 21:53:18 6992 [Note] InnoDB: Not using CPU crc32 instructions
2016-01-20 21:53:18 6992 [Note] InnoDB: Initializing buffer pool, size = 128.0M
2016-01-20 21:53:18 6992 [Note] InnoDB: Completed initialization of buffer pool
2016-01-20 21:53:18 6992 [Note] InnoDB: Highest supported file format is Barracuda.
2016-01-20 21:53:18 6992 [Note] InnoDB: The log sequence numbers 1626134 and 1626134 in ibdata files do not match the log sequence number 3487540 in the ib_logfiles!
2016-01-20 21:53:18 6992 [Note] InnoDB: Database was not shutdown normally!
2016-01-20 21:53:18 6992 [Note] InnoDB: Starting crash recovery.
2016-01-20 21:53:18 6992 [Note] InnoDB: Reading tablespace information from the .ibd files...
2016-01-20 21:53:18 6992 [Note] InnoDB: Restoring possible half-written data pages 
2016-01-20 21:53:18 6992 [Note] InnoDB: from the doublewrite buffer...
2016-01-20 21:53:19 6992 [ERROR] InnoDB: Table kinepolisdb/tbl_films in the InnoDB data dictionary has tablespace id 30, but tablespace with that id or name does not exist. Have you deleted or moved .ibd files? This may also be a table created with CREATE TEMPORARY TABLE whose .ibd and .frm files MySQL automatically removed, but the table still exists in the InnoDB internal data dictionary.
InnoDB: Please refer to
InnoDB: http://dev.mysql.com/doc/refman/5.6/en/innodb-troubleshooting-datadict.html
InnoDB: for how to resolve the issue.
2016-01-20 21:53:19 6992 [ERROR] InnoDB: Table kinepolisdb/tbl_klanten in the InnoDB data dictionary has tablespace id 34, but tablespace with that id or name does not exist. Have you deleted or moved .ibd files? This may also be a table created with CREATE TEMPORARY TABLE whose .ibd and .frm files MySQL automatically removed, but the table still exists in the InnoDB internal data dictionary.
InnoDB: Please refer to
InnoDB: http://dev.mysql.com/doc/refman/5.6/en/innodb-troubleshooting-datadict.html
InnoDB: for how to resolve the issue.
2016-01-20 21:53:19 6992 [Note] InnoDB: 128 rollback segment(s) are active.
2016-01-20 21:53:19 6992 [Note] InnoDB: Waiting for purge to start
2016-01-20 21:53:19 6992 [Note] InnoDB: 5.6.13 started; log sequence number 3487540
2016-01-20 21:53:19 6992 [Note] Server hostname (bind-address): '*'; port: 3307
2016-01-20 21:53:19 6992 [Note] IPv6 is available.
2016-01-20 21:53:19 6992 [Note]   - '::' resolves to '::';
2016-01-20 21:53:19 6992 [Note] Server socket created on IP: '::'.
2016-01-21 13:01:36 10888 [Note] Plugin 'FEDERATED' is disabled.
2016-01-21 13:01:36 10888 [Note] InnoDB: The InnoDB memory heap is disabled
2016-01-21 13:01:36 10888 [Note] InnoDB: Mutexes and rw_locks use Windows interlocked functions
2016-01-21 13:01:36 10888 [Note] InnoDB: Compressed tables use zlib 1.2.3
2016-01-21 13:01:36 10888 [Note] InnoDB: Not using CPU crc32 instructions
2016-01-21 13:01:36 10888 [Note] InnoDB: Initializing buffer pool, size = 128.0M
2016-01-21 13:01:36 10888 [Note] InnoDB: Completed initialization of buffer pool
2016-01-21 13:01:36 10888 [Note] InnoDB: Highest supported file format is Barracuda.
2016-01-21 13:01:36 10888 [Note] InnoDB: The log sequence numbers 1626134 and 1626134 in ibdata files do not match the log sequence number 3488288 in the ib_logfiles!
2016-01-21 13:01:36 10888 [Note] InnoDB: Database was not shutdown normally!
2016-01-21 13:01:36 10888 [Note] InnoDB: Starting crash recovery.
2016-01-21 13:01:36 10888 [Note] InnoDB: Reading tablespace information from the .ibd files...
2016-01-21 13:01:37 10888 [Note] InnoDB: Restoring possible half-written data pages 
2016-01-21 13:01:37 10888 [Note] InnoDB: from the doublewrite buffer...
2016-01-21 13:01:37 10888 [ERROR] InnoDB: Table kinepolisdb/tbl_films in the InnoDB data dictionary has tablespace id 30, but tablespace with that id or name does not exist. Have you deleted or moved .ibd files? This may also be a table created with CREATE TEMPORARY TABLE whose .ibd and .frm files MySQL automatically removed, but the table still exists in the InnoDB internal data dictionary.
InnoDB: Please refer to
InnoDB: http://dev.mysql.com/doc/refman/5.6/en/innodb-troubleshooting-datadict.html
InnoDB: for how to resolve the issue.
2016-01-21 13:01:37 10888 [ERROR] InnoDB: Table kinepolisdb/tbl_klanten in the InnoDB data dictionary has tablespace id 34, but tablespace with that id or name does not exist. Have you deleted or moved .ibd files? This may also be a table created with CREATE TEMPORARY TABLE whose .ibd and .frm files MySQL automatically removed, but the table still exists in the InnoDB internal data dictionary.
InnoDB: Please refer to
InnoDB: http://dev.mysql.com/doc/refman/5.6/en/innodb-troubleshooting-datadict.html
InnoDB: for how to resolve the issue.
2016-01-21 13:01:37 10888 [Note] InnoDB: 128 rollback segment(s) are active.
2016-01-21 13:01:38 10888 [Note] InnoDB: Waiting for purge to start
2016-01-21 13:01:38 10888 [Note] InnoDB: 5.6.13 started; log sequence number 3488288
2016-01-21 13:01:38 10888 [Note] Server hostname (bind-address): '*'; port: 3307
2016-01-21 13:01:38 10888 [Note] IPv6 is available.
2016-01-21 13:01:38 10888 [Note]   - '::' resolves to '::';
2016-01-21 13:01:38 10888 [Note] Server socket created on IP: '::'.
2016-01-21 13:38:10 6200 [Note] Plugin 'FEDERATED' is disabled.
2016-01-21 13:38:10 6200 [Note] InnoDB: The InnoDB memory heap is disabled
2016-01-21 13:38:10 6200 [Note] InnoDB: Mutexes and rw_locks use Windows interlocked functions
2016-01-21 13:38:10 6200 [Note] InnoDB: Compressed tables use zlib 1.2.3
2016-01-21 13:38:10 6200 [Note] InnoDB: Not using CPU crc32 instructions
2016-01-21 13:38:11 6200 [Note] InnoDB: Initializing buffer pool, size = 128.0M
2016-01-21 13:38:11 6200 [Note] InnoDB: Completed initialization of buffer pool
2016-01-21 13:38:11 6200 [Note] InnoDB: Highest supported file format is Barracuda.
2016-01-21 13:38:11 6200 [Note] InnoDB: The log sequence numbers 1626134 and 1626134 in ibdata files do not match the log sequence number 3488467 in the ib_logfiles!
2016-01-21 13:38:11 6200 [Note] InnoDB: Database was not shutdown normally!
2016-01-21 13:38:11 6200 [Note] InnoDB: Starting crash recovery.
2016-01-21 13:38:11 6200 [Note] InnoDB: Reading tablespace information from the .ibd files...
2016-01-21 13:38:11 6200 [Note] InnoDB: Restoring possible half-written data pages 
2016-01-21 13:38:11 6200 [Note] InnoDB: from the doublewrite buffer...
2016-01-21 13:38:12 6200 [ERROR] InnoDB: Table kinepolisdb/tbl_films in the InnoDB data dictionary has tablespace id 30, but tablespace with that id or name does not exist. Have you deleted or moved .ibd files? This may also be a table created with CREATE TEMPORARY TABLE whose .ibd and .frm files MySQL automatically removed, but the table still exists in the InnoDB internal data dictionary.
InnoDB: Please refer to
InnoDB: http://dev.mysql.com/doc/refman/5.6/en/innodb-troubleshooting-datadict.html
InnoDB: for how to resolve the issue.
2016-01-21 13:38:12 6200 [ERROR] InnoDB: Table kinepolisdb/tbl_klanten in the InnoDB data dictionary has tablespace id 34, but tablespace with that id or name does not exist. Have you deleted or moved .ibd files? This may also be a table created with CREATE TEMPORARY TABLE whose .ibd and .frm files MySQL automatically removed, but the table still exists in the InnoDB internal data dictionary.
InnoDB: Please refer to
InnoDB: http://dev.mysql.com/doc/refman/5.6/en/innodb-troubleshooting-datadict.html
InnoDB: for how to resolve the issue.
2016-01-21 13:38:12 6200 [Note] InnoDB: 128 rollback segment(s) are active.
2016-01-21 13:38:12 6200 [Note] InnoDB: Waiting for purge to start
2016-01-21 13:38:12 6200 [Note] InnoDB: 5.6.13 started; log sequence number 3488467
2016-01-21 13:38:12 6200 [Note] Server hostname (bind-address): '*'; port: 3307
2016-01-21 13:38:12 6200 [Note] IPv6 is available.
2016-01-21 13:38:12 6200 [Note]   - '::' resolves to '::';
2016-01-21 13:38:12 6200 [Note] Server socket created on IP: '::'.
2016-01-22 09:08:29 11900 [Note] Plugin 'FEDERATED' is disabled.
2016-01-22 09:08:29 11900 [Note] InnoDB: The InnoDB memory heap is disabled
2016-01-22 09:08:29 11900 [Note] InnoDB: Mutexes and rw_locks use Windows interlocked functions
2016-01-22 09:08:29 11900 [Note] InnoDB: Compressed tables use zlib 1.2.3
2016-01-22 09:08:29 11900 [Note] InnoDB: Not using CPU crc32 instructions
2016-01-22 09:08:29 11900 [Note] InnoDB: Initializing buffer pool, size = 128.0M
2016-01-22 09:08:29 11900 [Note] InnoDB: Completed initialization of buffer pool
2016-01-22 09:08:30 11900 [Note] InnoDB: Highest supported file format is Barracuda.
2016-01-22 09:08:30 11900 [Note] InnoDB: The log sequence numbers 1626134 and 1626134 in ibdata files do not match the log sequence number 3574816 in the ib_logfiles!
2016-01-22 09:08:30 11900 [Note] InnoDB: Database was not shutdown normally!
2016-01-22 09:08:30 11900 [Note] InnoDB: Starting crash recovery.
2016-01-22 09:08:30 11900 [Note] InnoDB: Reading tablespace information from the .ibd files...
2016-01-22 09:08:31 11900 [Note] InnoDB: Restoring possible half-written data pages 
2016-01-22 09:08:31 11900 [Note] InnoDB: from the doublewrite buffer...
2016-01-22 09:08:32 11900 [ERROR] InnoDB: Table kinepolisdb/tbl_films in the InnoDB data dictionary has tablespace id 30, but tablespace with that id or name does not exist. Have you deleted or moved .ibd files? This may also be a table created with CREATE TEMPORARY TABLE whose .ibd and .frm files MySQL automatically removed, but the table still exists in the InnoDB internal data dictionary.
InnoDB: Please refer to
InnoDB: http://dev.mysql.com/doc/refman/5.6/en/innodb-troubleshooting-datadict.html
InnoDB: for how to resolve the issue.
2016-01-22 09:08:32 11900 [ERROR] InnoDB: Table kinepolisdb/tbl_klanten in the InnoDB data dictionary has tablespace id 34, but tablespace with that id or name does not exist. Have you deleted or moved .ibd files? This may also be a table created with CREATE TEMPORARY TABLE whose .ibd and .frm files MySQL automatically removed, but the table still exists in the InnoDB internal data dictionary.
InnoDB: Please refer to
InnoDB: http://dev.mysql.com/doc/refman/5.6/en/innodb-troubleshooting-datadict.html
InnoDB: for how to resolve the issue.
2016-01-22 09:08:32 11900 [Note] InnoDB: 128 rollback segment(s) are active.
2016-01-22 09:08:32 11900 [Note] InnoDB: Waiting for purge to start
2016-01-22 09:08:33 11900 [Note] InnoDB: 5.6.13 started; log sequence number 3574816
2016-01-22 09:08:33 11900 [Note] Server hostname (bind-address): '*'; port: 3307
2016-01-22 09:08:33 11900 [Note] IPv6 is available.
2016-01-22 09:08:33 11900 [Note]   - '::' resolves to '::';
2016-01-22 09:08:33 11900 [Note] Server socket created on IP: '::'.
2016-01-25 13:41:30 5032 [Note] Plugin 'FEDERATED' is disabled.
2016-01-25 13:41:30 5032 [Note] InnoDB: The InnoDB memory heap is disabled
2016-01-25 13:41:30 5032 [Note] InnoDB: Mutexes and rw_locks use Windows interlocked functions
2016-01-25 13:41:30 5032 [Note] InnoDB: Compressed tables use zlib 1.2.3
2016-01-25 13:41:30 5032 [Note] InnoDB: Not using CPU crc32 instructions
2016-01-25 13:41:30 5032 [Note] InnoDB: Initializing buffer pool, size = 128.0M
2016-01-25 13:41:30 5032 [Note] InnoDB: Completed initialization of buffer pool
2016-01-25 13:41:30 5032 [Note] InnoDB: Highest supported file format is Barracuda.
2016-01-25 13:41:30 5032 [Note] InnoDB: The log sequence numbers 1626134 and 1626134 in ibdata files do not match the log sequence number 3620146 in the ib_logfiles!
2016-01-25 13:41:30 5032 [Note] InnoDB: Database was not shutdown normally!
2016-01-25 13:41:30 5032 [Note] InnoDB: Starting crash recovery.
2016-01-25 13:41:30 5032 [Note] InnoDB: Reading tablespace information from the .ibd files...
2016-01-25 13:41:30 5032 [Note] InnoDB: Restoring possible half-written data pages 
2016-01-25 13:41:30 5032 [Note] InnoDB: from the doublewrite buffer...
2016-01-25 13:41:31 5032 [ERROR] InnoDB: Table kinepolisdb/tbl_films in the InnoDB data dictionary has tablespace id 30, but tablespace with that id or name does not exist. Have you deleted or moved .ibd files? This may also be a table created with CREATE TEMPORARY TABLE whose .ibd and .frm files MySQL automatically removed, but the table still exists in the InnoDB internal data dictionary.
InnoDB: Please refer to
InnoDB: http://dev.mysql.com/doc/refman/5.6/en/innodb-troubleshooting-datadict.html
InnoDB: for how to resolve the issue.
2016-01-25 13:41:31 5032 [ERROR] InnoDB: Table kinepolisdb/tbl_klanten in the InnoDB data dictionary has tablespace id 34, but tablespace with that id or name does not exist. Have you deleted or moved .ibd files? This may also be a table created with CREATE TEMPORARY TABLE whose .ibd and .frm files MySQL automatically removed, but the table still exists in the InnoDB internal data dictionary.
InnoDB: Please refer to
InnoDB: http://dev.mysql.com/doc/refman/5.6/en/innodb-troubleshooting-datadict.html
InnoDB: for how to resolve the issue.
2016-01-25 13:41:31 5032 [Note] InnoDB: 128 rollback segment(s) are active.
2016-01-25 13:41:31 5032 [Note] InnoDB: Waiting for purge to start
2016-01-25 13:41:31 5032 [Note] InnoDB: 5.6.13 started; log sequence number 3620146
2016-01-25 13:41:31 5032 [Note] Server hostname (bind-address): '*'; port: 3307
2016-01-25 13:41:31 5032 [Note] IPv6 is available.
2016-01-25 13:41:31 5032 [Note]   - '::' resolves to '::';
2016-01-25 13:41:31 5032 [Note] Server socket created on IP: '::'.
